[INFO ] 2022-07-29 09:41:34.029 [main] Logs - Product name entered 
[INFO ] 2022-07-29 09:41:40.381 [main] Logs - Pop up closed 
[INFO ] 2022-07-29 09:41:43.567 [main] Logs - Search Button Clicked 
[INFO ] 2022-07-29 09:42:05.250 [main] Logs - Pop up closed 
[INFO ] 2022-07-29 09:42:06.132 [main] Logs -Clicked on the whiteness under by need section 
[INFO ] 2022-07-29 09:42:18.445 [main] Logs - Clicked on the find retailers 
[INFO ] 2022-07-29 09:42:41.886 [main] Logs - Pop up closed 
[INFO ] 2022-07-29 09:42:42.103 [main] Logs - Hover on the Shop Product 
[INFO ] 2022-07-29 09:42:48.774 [main] Logs - Liquid clicked inside the shop product category 
[INFO ] 2022-07-29 09:43:05.942 [main] Logs - Pop up closed 
[INFO ] 2022-07-29 09:43:06.744 [main] Logs - Clicked on Additives in footer section  
[INFO ] 2022-07-29 09:43:24.692 [main] Logs - Pop up closed 
[INFO ] 2022-07-29 09:43:25.599 [main] Logs - Liquid clicked
[INFO ] 2022-07-29 09:43:26.451 [main] Logs - Clicked on the second tab of the page 
[INFO ] 2022-07-29 09:43:44.407 [main] Logs - Pop up closed 
[INFO ] 2022-07-29 09:43:45.522 [main] Logs - Clicked on what's new 
[INFO ] 2022-07-29 09:43:46.688 [main] Logs - Clicked on the read more button 
[INFO ] 2022-07-29 09:44:02.929 [main] Logs - Pop up closed 
[INFO ] 2022-07-29 09:44:03.128 [main] Logs -Hover on the our commitment 
[INFO ] 2022-07-29 09:44:04.131 [main] Logs - Clicked on the ingredients and safety 
[INFO ] 2022-07-29 09:44:05.510 [main] Logs - Clicked on the learn more button 
[INFO ] 2022-07-29 09:44:35.643 [main] Logs - Pop up closed 
[INFO ] 2022-07-29 09:44:36.617 [main] Logs - Clicked on deep clean 
[INFO ] 2022-07-29 09:44:56.262 [main] Logs - Pop up closed 
[INFO ] 2022-07-29 09:44:57.061 [main] Logs - Clicked on the coupons and rewards 
[INFO ] 2022-07-29 09:45:19.209 [main] Logs - Pop up closed 
[INFO ] 2022-07-29 09:45:20.212 [main] Logs - Clicked on the How to wash clothes tab 
[INFO ] 2022-07-29 09:45:21.728 [main] Logs - Clicked on washing fabrics and colors
[INFO ] 2022-07-29 09:45:23.687 [main] Logs - Clicked on how to use the clothes article 
